<?xml version="1.0" encoding="UTF-8"?>
<!-- Generated by org.testng.reporters.JUnitReportReporter -->
<testsuite hostname="DESKTOP-V2RKAG5" failures="0" tests="1" name="core_Java_1.Sample4" time="0.002" errors="0" timestamp="2021-03-28T15:48:47 IST" skipped="0">
  <testcase classname="core_Java_1.Sample4" name="search" time="0.002"/>
  <system-out/>
</testsuite> <!-- core_Java_1.Sample4 -->
